2018-12-08 09:39:06 localhost      task-manager-api INFO  TMFWCM00011 class org.springframework.web.servlet.handler.AbstractHandlerMapping$PreFlightHandler#org.springframework.web.servlet.handler.AbstractHandlerMapping$PreFlightHandler : Controllerの処理を開始します。 
2018-12-08 09:39:06 localhost      task-manager-api INFO  TMFWCM00012 class org.springframework.web.servlet.handler.AbstractHandlerMapping$PreFlightHandler#org.springframework.web.servlet.handler.AbstractHandlerMapping$PreFlightHandler : Controllerの処理を終了します。 
2018-12-08 09:39:06 localhost      task-manager-api INFO  TMFWCM00011 class com.tm.controller.user.UserRegistRestController#register : Controllerの処理を開始します。 
2018-12-08 09:39:06 localhost      task-manager-api INFO  TMFWCM00012 class com.tm.controller.user.UserRegistRestController#register : Controllerの処理を終了します。 
2018-12-08 09:41:10 localhost      task-manager-api INFO  TMFWCM00011 class org.springframework.web.servlet.handler.AbstractHandlerMapping$PreFlightHandler#org.springframework.web.servlet.handler.AbstractHandlerMapping$PreFlightHandler : Controllerの処理を開始します。 
2018-12-08 09:41:10 localhost      task-manager-api INFO  TMFWCM00012 class org.springframework.web.servlet.handler.AbstractHandlerMapping$PreFlightHandler#org.springframework.web.servlet.handler.AbstractHandlerMapping$PreFlightHandler : Controllerの処理を終了します。 
2018-12-08 09:41:10 localhost      task-manager-api INFO  TMFWCM00011 class com.tm.controller.user.UserRegistRestController#register : Controllerの処理を開始します。 
2018-12-08 09:41:10 localhost      task-manager-api INFO  TMFWCM00012 class com.tm.controller.user.UserRegistRestController#register : Controllerの処理を終了します。 
2018-12-08 09:46:34 localhost      task-manager-api INFO  TMFWCM00011 class org.springframework.web.servlet.handler.AbstractHandlerMapping$PreFlightHandler#org.springframework.web.servlet.handler.AbstractHandlerMapping$PreFlightHandler : Controllerの処理を開始します。 
2018-12-08 09:46:34 localhost      task-manager-api INFO  TMFWCM00012 class org.springframework.web.servlet.handler.AbstractHandlerMapping$PreFlightHandler#org.springframework.web.servlet.handler.AbstractHandlerMapping$PreFlightHandler : Controllerの処理を終了します。 
2018-12-08 09:46:34 localhost      task-manager-api INFO  TMFWCM00011 class com.tm.controller.user.UserRegistRestController#register : Controllerの処理を開始します。 
2018-12-08 09:46:34 localhost      task-manager-api INFO  TMFWCM00012 class com.tm.controller.user.UserRegistRestController#register : Controllerの処理を終了します。 
2018-12-08 09:46:36 localhost      task-manager-api INFO  TMFWCM00011 class org.springframework.web.servlet.handler.AbstractHandlerMapping$PreFlightHandler#org.springframework.web.servlet.handler.AbstractHandlerMapping$PreFlightHandler : Controllerの処理を開始します。 
2018-12-08 09:46:36 localhost      task-manager-api INFO  TMFWCM00012 class org.springframework.web.servlet.handler.AbstractHandlerMapping$PreFlightHandler#org.springframework.web.servlet.handler.AbstractHandlerMapping$PreFlightHandler : Controllerの処理を終了します。 
2018-12-08 09:46:36 localhost      task-manager-api INFO  TMFWCM00011 class com.tm.controller.user.UserRegistRestController#register : Controllerの処理を開始します。 
2018-12-08 09:46:36 localhost      task-manager-api INFO  TMFWCM00012 class com.tm.controller.user.UserRegistRestController#register : Controllerの処理を終了します。 
2018-12-08 09:46:48 localhost      task-manager-api INFO  TMFWCM00011 class org.springframework.web.servlet.handler.AbstractHandlerMapping$PreFlightHandler#org.springframework.web.servlet.handler.AbstractHandlerMapping$PreFlightHandler : Controllerの処理を開始します。 
2018-12-08 09:46:48 localhost      task-manager-api INFO  TMFWCM00012 class org.springframework.web.servlet.handler.AbstractHandlerMapping$PreFlightHandler#org.springframework.web.servlet.handler.AbstractHandlerMapping$PreFlightHandler : Controllerの処理を終了します。 
2018-12-08 09:46:48 localhost      task-manager-api INFO  TMFWCM00011 class com.tm.controller.user.UserRegistRestController#register : Controllerの処理を開始します。 
2018-12-08 09:46:48 localhost      task-manager-api INFO  TMFWCM00012 class com.tm.controller.user.UserRegistRestController#register : Controllerの処理を終了します。 
2018-12-08 09:46:48 localhost      task-manager-api INFO  TMFWCM00011 class org.springframework.web.servlet.handler.AbstractHandlerMapping$PreFlightHandler#org.springframework.web.servlet.handler.AbstractHandlerMapping$PreFlightHandler : Controllerの処理を開始します。 
2018-12-08 09:46:48 localhost      task-manager-api INFO  TMFWCM00012 class org.springframework.web.servlet.handler.AbstractHandlerMapping$PreFlightHandler#org.springframework.web.servlet.handler.AbstractHandlerMapping$PreFlightHandler : Controllerの処理を終了します。 
2018-12-08 09:46:48 localhost      task-manager-api INFO  TMFWCM00011 class com.tm.controller.user.UserRegistRestController#register : Controllerの処理を開始します。 
2018-12-08 09:46:48 localhost      task-manager-api INFO  TMFWCM00012 class com.tm.controller.user.UserRegistRestController#register : Controllerの処理を終了します。 
2018-12-08 09:46:49 localhost      task-manager-api INFO  TMFWCM00011 class org.springframework.web.servlet.handler.AbstractHandlerMapping$PreFlightHandler#org.springframework.web.servlet.handler.AbstractHandlerMapping$PreFlightHandler : Controllerの処理を開始します。 
2018-12-08 09:46:49 localhost      task-manager-api INFO  TMFWCM00012 class org.springframework.web.servlet.handler.AbstractHandlerMapping$PreFlightHandler#org.springframework.web.servlet.handler.AbstractHandlerMapping$PreFlightHandler : Controllerの処理を終了します。 
2018-12-08 09:46:49 localhost      task-manager-api INFO  TMFWCM00011 class com.tm.controller.user.UserRegistRestController#register : Controllerの処理を開始します。 
2018-12-08 09:46:49 localhost      task-manager-api INFO  TMFWCM00012 class com.tm.controller.user.UserRegistRestController#register : Controllerの処理を終了します。 
2018-12-08 09:46:49 localhost      task-manager-api INFO  TMFWCM00011 class org.springframework.web.servlet.handler.AbstractHandlerMapping$PreFlightHandler#org.springframework.web.servlet.handler.AbstractHandlerMapping$PreFlightHandler : Controllerの処理を開始します。 
2018-12-08 09:46:49 localhost      task-manager-api INFO  TMFWCM00012 class org.springframework.web.servlet.handler.AbstractHandlerMapping$PreFlightHandler#org.springframework.web.servlet.handler.AbstractHandlerMapping$PreFlightHandler : Controllerの処理を終了します。 
2018-12-08 09:46:49 localhost      task-manager-api INFO  TMFWCM00011 class com.tm.controller.user.UserRegistRestController#register : Controllerの処理を開始します。 
2018-12-08 09:46:49 localhost      task-manager-api INFO  TMFWCM00012 class com.tm.controller.user.UserRegistRestController#register : Controllerの処理を終了します。 
2018-12-08 09:47:38 localhost      task-manager-api INFO  TMFWCM00011 class org.springframework.web.servlet.handler.AbstractHandlerMapping$PreFlightHandler#org.springframework.web.servlet.handler.AbstractHandlerMapping$PreFlightHandler : Controllerの処理を開始します。 
2018-12-08 09:47:38 localhost      task-manager-api INFO  TMFWCM00012 class org.springframework.web.servlet.handler.AbstractHandlerMapping$PreFlightHandler#org.springframework.web.servlet.handler.AbstractHandlerMapping$PreFlightHandler : Controllerの処理を終了します。 
2018-12-08 09:47:38 localhost      task-manager-api INFO  TMFWCM00011 class com.tm.controller.user.UserRegistRestController#register : Controllerの処理を開始します。 
2018-12-08 09:47:38 localhost      task-manager-api INFO  TMFWCM00012 class com.tm.controller.user.UserRegistRestController#register : Controllerの処理を終了します。 
2018-12-08 09:49:25 localhost      task-manager-api INFO  TMFWCM00011 class org.springframework.web.servlet.handler.AbstractHandlerMapping$PreFlightHandler#org.springframework.web.servlet.handler.AbstractHandlerMapping$PreFlightHandler : Controllerの処理を開始します。 
2018-12-08 09:49:25 localhost      task-manager-api INFO  TMFWCM00012 class org.springframework.web.servlet.handler.AbstractHandlerMapping$PreFlightHandler#org.springframework.web.servlet.handler.AbstractHandlerMapping$PreFlightHandler : Controllerの処理を終了します。 
2018-12-08 09:49:25 localhost      task-manager-api INFO  TMFWCM00011 class com.tm.controller.user.UserRegistRestController#register : Controllerの処理を開始します。 
2018-12-08 09:49:25 localhost      task-manager-api INFO  TMFWCM00012 class com.tm.controller.user.UserRegistRestController#register : Controllerの処理を終了します。 
2018-12-08 09:52:11 localhost      task-manager-api INFO  TMFWCM00011 class org.springframework.web.servlet.handler.AbstractHandlerMapping$PreFlightHandler#org.springframework.web.servlet.handler.AbstractHandlerMapping$PreFlightHandler : Controllerの処理を開始します。 
2018-12-08 09:52:11 localhost      task-manager-api INFO  TMFWCM00012 class org.springframework.web.servlet.handler.AbstractHandlerMapping$PreFlightHandler#org.springframework.web.servlet.handler.AbstractHandlerMapping$PreFlightHandler : Controllerの処理を終了します。 
2018-12-08 09:52:11 localhost      task-manager-api INFO  TMFWCM00011 class com.tm.controller.user.UserRegistRestController#register : Controllerの処理を開始します。 
2018-12-08 09:52:11 localhost      task-manager-api INFO  TMFWCM00021 class com.tm.service.user.impl.UserRegistServiceImpl#execute : Serviceの処理を開始します。 
2018-12-08 09:52:11 localhost      task-manager-api INFO  TMFWCM00022 class com.tm.service.user.impl.UserRegistServiceImpl#execute : Serviceの処理を終了します。 
2018-12-08 09:52:11 localhost      task-manager-api INFO  TMFWCM00012 class com.tm.controller.user.UserRegistRestController#register : Controllerの処理を終了します。 
2018-12-08 09:54:58 localhost      task-manager-api INFO  TMFWCM00011 class org.springframework.web.servlet.handler.AbstractHandlerMapping$PreFlightHandler#org.springframework.web.servlet.handler.AbstractHandlerMapping$PreFlightHandler : Controllerの処理を開始します。 
2018-12-08 09:54:58 localhost      task-manager-api INFO  TMFWCM00012 class org.springframework.web.servlet.handler.AbstractHandlerMapping$PreFlightHandler#org.springframework.web.servlet.handler.AbstractHandlerMapping$PreFlightHandler : Controllerの処理を終了します。 
2018-12-08 09:54:58 localhost      task-manager-api INFO  TMFWCM00011 class com.tm.controller.user.UserRegistRestController#register : Controllerの処理を開始します。 
2018-12-08 09:54:58 localhost      task-manager-api INFO  TMFWCM00021 class com.tm.service.user.impl.UserRegistServiceImpl#execute : Serviceの処理を開始します。 
2018-12-08 09:54:58 localhost      task-manager-api INFO  TMFWCM00022 class com.tm.service.user.impl.UserRegistServiceImpl#execute : Serviceの処理を終了します。 
2018-12-08 09:54:58 localhost      task-manager-api INFO  TMFWCM00012 class com.tm.controller.user.UserRegistRestController#register : Controllerの処理を終了します。 
2018-12-08 09:55:53 localhost      task-manager-api INFO  TMFWCM00011 class org.springframework.web.servlet.handler.AbstractHandlerMapping$PreFlightHandler#org.springframework.web.servlet.handler.AbstractHandlerMapping$PreFlightHandler : Controllerの処理を開始します。 
2018-12-08 09:55:53 localhost      task-manager-api INFO  TMFWCM00012 class org.springframework.web.servlet.handler.AbstractHandlerMapping$PreFlightHandler#org.springframework.web.servlet.handler.AbstractHandlerMapping$PreFlightHandler : Controllerの処理を終了します。 
2018-12-08 09:55:53 localhost      task-manager-api INFO  TMFWCM00011 class com.tm.controller.user.UserRegistRestController#register : Controllerの処理を開始します。 
2018-12-08 09:55:53 localhost      task-manager-api INFO  TMFWCM00021 class com.tm.service.user.impl.UserRegistServiceImpl#execute : Serviceの処理を開始します。 
2018-12-08 09:55:53 localhost      task-manager-api INFO  TMFWCM00022 class com.tm.service.user.impl.UserRegistServiceImpl#execute : Serviceの処理を終了します。 
2018-12-08 09:55:53 localhost      task-manager-api INFO  TMFWCM00012 class com.tm.controller.user.UserRegistRestController#register : Controllerの処理を終了します。 
2018-12-08 09:55:53 localhost      task-manager-api INFO  TMFWCM00011 class com.tm.controller.task.TaskFetchRestController#fetch : Controllerの処理を開始します。 
2018-12-08 09:55:53 localhost      task-manager-api INFO  TMFWCM00021 class com.tm.service.task.impl.FetchTaskServiceImpl#fetchTask : Serviceの処理を開始します。 
2018-12-08 09:55:53 localhost      task-manager-api INFO  TMFWCM00022 class com.tm.service.task.impl.FetchTaskServiceImpl#fetchTask : Serviceの処理を終了します。 
2018-12-08 09:55:53 localhost      task-manager-api INFO  TMFWCM00012 class com.tm.controller.task.TaskFetchRestController#fetch : Controllerの処理を終了します。 
2018-12-08 10:00:55 localhost      task-manager-api INFO  TMFWCM00011 class org.springframework.web.servlet.handler.AbstractHandlerMapping$PreFlightHandler#org.springframework.web.servlet.handler.AbstractHandlerMapping$PreFlightHandler : Controllerの処理を開始します。 
2018-12-08 10:00:55 localhost      task-manager-api INFO  TMFWCM00012 class org.springframework.web.servlet.handler.AbstractHandlerMapping$PreFlightHandler#org.springframework.web.servlet.handler.AbstractHandlerMapping$PreFlightHandler : Controllerの処理を終了します。 
2018-12-08 10:00:55 localhost      task-manager-api INFO  TMFWCM00011 class com.tm.controller.user.UserRegistRestController#register : Controllerの処理を開始します。 
2018-12-08 10:00:55 localhost      task-manager-api INFO  TMFWCM00021 class com.tm.service.user.impl.UserRegistServiceImpl#execute : Serviceの処理を開始します。 
2018-12-08 10:00:55 localhost      task-manager-api INFO  TMFWCM00012 class com.tm.controller.user.UserRegistRestController#register : Controllerの処理を終了します。 
2018-12-08 10:00:55 localhost      task-manager-api INFO  TMFWCM00011 class org.springframework.boot.autoconfigure.web.BasicErrorController#error : Controllerの処理を開始します。 
2018-12-08 10:00:55 localhost      task-manager-api INFO  TMFWCM00012 class org.springframework.boot.autoconfigure.web.BasicErrorController#error : Controllerの処理を終了します。 
2018-12-08 10:02:46 localhost      task-manager-api INFO  TMFWCM00011 class org.springframework.web.servlet.handler.AbstractHandlerMapping$PreFlightHandler#org.springframework.web.servlet.handler.AbstractHandlerMapping$PreFlightHandler : Controllerの処理を開始します。 
2018-12-08 10:02:46 localhost      task-manager-api INFO  TMFWCM00012 class org.springframework.web.servlet.handler.AbstractHandlerMapping$PreFlightHandler#org.springframework.web.servlet.handler.AbstractHandlerMapping$PreFlightHandler : Controllerの処理を終了します。 
2018-12-08 10:02:46 localhost      task-manager-api INFO  TMFWCM00011 class com.tm.controller.user.UserRegistRestController#register : Controllerの処理を開始します。 
2018-12-08 10:02:46 localhost      task-manager-api INFO  TMFWCM00021 class com.tm.service.user.impl.UserRegistServiceImpl#execute : Serviceの処理を開始します。 
2018-12-08 10:02:46 localhost      task-manager-api INFO  TMFWCM00012 class com.tm.controller.user.UserRegistRestController#register : Controllerの処理を終了します。 
2018-12-08 10:02:46 localhost      task-manager-api INFO  TMFWCM00011 class org.springframework.boot.autoconfigure.web.BasicErrorController#error : Controllerの処理を開始します。 
2018-12-08 10:02:46 localhost      task-manager-api INFO  TMFWCM00012 class org.springframework.boot.autoconfigure.web.BasicErrorController#error : Controllerの処理を終了します。 
2018-12-08 10:03:42 localhost      task-manager-api INFO  TMFWCM00011 class org.springframework.web.servlet.handler.AbstractHandlerMapping$PreFlightHandler#org.springframework.web.servlet.handler.AbstractHandlerMapping$PreFlightHandler : Controllerの処理を開始します。 
2018-12-08 10:03:42 localhost      task-manager-api INFO  TMFWCM00012 class org.springframework.web.servlet.handler.AbstractHandlerMapping$PreFlightHandler#org.springframework.web.servlet.handler.AbstractHandlerMapping$PreFlightHandler : Controllerの処理を終了します。 
2018-12-08 10:03:42 localhost      task-manager-api INFO  TMFWCM00011 class com.tm.controller.user.UserRegistRestController#register : Controllerの処理を開始します。 
2018-12-08 10:03:42 localhost      task-manager-api INFO  TMFWCM00021 class com.tm.service.user.impl.UserRegistServiceImpl#execute : Serviceの処理を開始します。 
2018-12-08 10:03:42 localhost      task-manager-api INFO  TMFWCM00012 class com.tm.controller.user.UserRegistRestController#register : Controllerの処理を終了します。 
2018-12-08 10:03:42 localhost      task-manager-api INFO  TMFWCM00011 class org.springframework.boot.autoconfigure.web.BasicErrorController#error : Controllerの処理を開始します。 
2018-12-08 10:03:42 localhost      task-manager-api INFO  TMFWCM00012 class org.springframework.boot.autoconfigure.web.BasicErrorController#error : Controllerの処理を終了します。 
2018-12-08 10:04:55 localhost      task-manager-api INFO  TMFWCM00011 class org.springframework.web.servlet.handler.AbstractHandlerMapping$PreFlightHandler#org.springframework.web.servlet.handler.AbstractHandlerMapping$PreFlightHandler : Controllerの処理を開始します。 
2018-12-08 10:04:55 localhost      task-manager-api INFO  TMFWCM00012 class org.springframework.web.servlet.handler.AbstractHandlerMapping$PreFlightHandler#org.springframework.web.servlet.handler.AbstractHandlerMapping$PreFlightHandler : Controllerの処理を終了します。 
2018-12-08 10:04:55 localhost      task-manager-api INFO  TMFWCM00011 class com.tm.controller.user.UserRegistRestController#register : Controllerの処理を開始します。 
2018-12-08 10:04:55 localhost      task-manager-api INFO  TMFWCM00021 class com.tm.service.user.impl.UserRegistServiceImpl#execute : Serviceの処理を開始します。 
2018-12-08 10:04:55 localhost      task-manager-api INFO  TMFWCM00012 class com.tm.controller.user.UserRegistRestController#register : Controllerの処理を終了します。 
2018-12-08 10:04:55 localhost      task-manager-api INFO  TMFWCM00011 class org.springframework.boot.autoconfigure.web.BasicErrorController#error : Controllerの処理を開始します。 
2018-12-08 10:04:55 localhost      task-manager-api INFO  TMFWCM00012 class org.springframework.boot.autoconfigure.web.BasicErrorController#error : Controllerの処理を終了します。 
2018-12-08 10:09:26 localhost      task-manager-api INFO  TMFWCM00011 class org.springframework.web.servlet.handler.AbstractHandlerMapping$PreFlightHandler#org.springframework.web.servlet.handler.AbstractHandlerMapping$PreFlightHandler : Controllerの処理を開始します。 
2018-12-08 10:09:26 localhost      task-manager-api INFO  TMFWCM00012 class org.springframework.web.servlet.handler.AbstractHandlerMapping$PreFlightHandler#org.springframework.web.servlet.handler.AbstractHandlerMapping$PreFlightHandler : Controllerの処理を終了します。 
2018-12-08 10:09:26 localhost      task-manager-api INFO  TMFWCM00011 class com.tm.controller.user.UserRegistRestController#register : Controllerの処理を開始します。 
2018-12-08 10:09:26 localhost      task-manager-api INFO  TMFWCM00021 class com.tm.service.user.impl.UserRegistServiceImpl#execute : Serviceの処理を開始します。 
2018-12-08 10:09:26 localhost      task-manager-api INFO  TMFWCM00012 class com.tm.controller.user.UserRegistRestController#register : Controllerの処理を終了します。 
2018-12-08 10:09:26 localhost      task-manager-api INFO  TMFWCM00011 class org.springframework.boot.autoconfigure.web.BasicErrorController#error : Controllerの処理を開始します。 
2018-12-08 10:09:26 localhost      task-manager-api INFO  TMFWCM00012 class org.springframework.boot.autoconfigure.web.BasicErrorController#error : Controllerの処理を終了します。 
2018-12-08 10:11:19 localhost      task-manager-api INFO  TMFWCM00011 class org.springframework.web.servlet.handler.AbstractHandlerMapping$PreFlightHandler#org.springframework.web.servlet.handler.AbstractHandlerMapping$PreFlightHandler : Controllerの処理を開始します。 
2018-12-08 10:11:19 localhost      task-manager-api INFO  TMFWCM00012 class org.springframework.web.servlet.handler.AbstractHandlerMapping$PreFlightHandler#org.springframework.web.servlet.handler.AbstractHandlerMapping$PreFlightHandler : Controllerの処理を終了します。 
2018-12-08 10:11:19 localhost      task-manager-api INFO  TMFWCM00011 class com.tm.controller.user.UserRegistRestController#register : Controllerの処理を開始します。 
2018-12-08 10:11:19 localhost      task-manager-api INFO  TMFWCM00021 class com.tm.service.user.impl.UserRegistServiceImpl#execute : Serviceの処理を開始します。 
2018-12-08 10:11:19 localhost      task-manager-api INFO  TMFWCM00022 class com.tm.service.user.impl.UserRegistServiceImpl#execute : Serviceの処理を終了します。 
2018-12-08 10:11:19 localhost      task-manager-api INFO  TMFWCM00012 class com.tm.controller.user.UserRegistRestController#register : Controllerの処理を終了します。 
2018-12-08 10:12:34 localhost      task-manager-api INFO  TMFWCM00011 class org.springframework.web.servlet.handler.AbstractHandlerMapping$PreFlightHandler#org.springframework.web.servlet.handler.AbstractHandlerMapping$PreFlightHandler : Controllerの処理を開始します。 
2018-12-08 10:12:34 localhost      task-manager-api INFO  TMFWCM00012 class org.springframework.web.servlet.handler.AbstractHandlerMapping$PreFlightHandler#org.springframework.web.servlet.handler.AbstractHandlerMapping$PreFlightHandler : Controllerの処理を終了します。 
2018-12-08 10:12:34 localhost      task-manager-api INFO  TMFWCM00011 class com.tm.controller.user.UserRegistRestController#register : Controllerの処理を開始します。 
2018-12-08 10:12:34 localhost      task-manager-api INFO  TMFWCM00021 class com.tm.service.user.impl.UserRegistServiceImpl#execute : Serviceの処理を開始します。 
2018-12-08 10:12:34 localhost      task-manager-api INFO  TMFWCM00022 class com.tm.service.user.impl.UserRegistServiceImpl#execute : Serviceの処理を終了します。 
2018-12-08 10:12:34 localhost      task-manager-api INFO  TMFWCM00012 class com.tm.controller.user.UserRegistRestController#register : Controllerの処理を終了します。 
