2018-11-29 07:57:34 localhost      task-manager-api INFO  TMFWCM00011 class com.tm.controller.task.TaskFetchRestController#fetch : Controllerの処理を開始します。 
2018-11-29 07:57:34 localhost      task-manager-api INFO  TMFWCM00011 class com.tm.controller.task.TaskFetchRestController#fetch : Controllerの処理を開始します。 
2018-11-29 07:57:34 localhost      task-manager-api INFO  TMFWCM00021 class com.tm.service.task.impl.FetchTaskServiceImpl#fetchTask : Serviceの処理を開始します。 
2018-11-29 07:57:34 localhost      task-manager-api INFO  TMFWCM00022 class com.tm.service.task.impl.FetchTaskServiceImpl#fetchTask : Serviceの処理を終了します。 
2018-11-29 07:57:34 localhost      task-manager-api INFO  TMFWCM00012 class com.tm.controller.task.TaskFetchRestController#fetch : Controllerの処理を終了します。 
2018-11-29 07:57:34 localhost      task-manager-api INFO  TMFWCM00012 class com.tm.controller.task.TaskFetchRestController#fetch : Controllerの処理を終了します。 
2018-11-29 07:57:42 localhost      task-manager-api INFO  TMFWCM00011 class com.tm.controller.task.TaskFetchRestController#fetch : Controllerの処理を開始します。 
2018-11-29 07:57:42 localhost      task-manager-api INFO  TMFWCM00011 class com.tm.controller.task.TaskFetchRestController#fetch : Controllerの処理を開始します。 
2018-11-29 07:57:42 localhost      task-manager-api INFO  TMFWCM00012 class com.tm.controller.task.TaskFetchRestController#fetch : Controllerの処理を終了します。 
2018-11-29 07:57:42 localhost      task-manager-api INFO  TMFWCM00012 class com.tm.controller.task.TaskFetchRestController#fetch : Controllerの処理を終了します。 
2018-11-29 07:58:13 localhost      task-manager-api INFO  TMFWCM00011 class com.tm.controller.task.TaskRegistRestController#register : Controllerの処理を開始します。 
2018-11-29 07:58:13 localhost      task-manager-api INFO  TMFWCM00011 class com.tm.controller.task.TaskRegistRestController#register : Controllerの処理を開始します。 
2018-11-29 07:58:13 localhost      task-manager-api INFO  TMFWCM00021 class com.tm.service.task.impl.RegistTaskServiceImpl#registerTask : Serviceの処理を開始します。 
2018-11-29 07:58:13 localhost      task-manager-api INFO  TMFWCM00022 class com.tm.service.task.impl.RegistTaskServiceImpl#registerTask : Serviceの処理を終了します。 
2018-11-29 07:58:13 localhost      task-manager-api INFO  TMFWCM00012 class com.tm.controller.task.TaskRegistRestController#register : Controllerの処理を終了します。 
2018-11-29 07:58:13 localhost      task-manager-api INFO  TMFWCM00012 class com.tm.controller.task.TaskRegistRestController#register : Controllerの処理を終了します。 
2018-11-29 08:01:49 localhost      task-manager-api INFO  TMFWCM00011 class com.tm.controller.task.TaskRegistRestController#register : Controllerの処理を開始します。 
2018-11-29 08:01:49 localhost      task-manager-api INFO  TMFWCM00011 class com.tm.controller.task.TaskRegistRestController#register : Controllerの処理を開始します。 
2018-11-29 08:01:49 localhost      task-manager-api INFO  TMFWCM00021 class com.tm.service.task.impl.RegistTaskServiceImpl#registerTask : Serviceの処理を開始します。 
2018-11-29 08:01:49 localhost      task-manager-api INFO  TMFWCM00022 class com.tm.service.task.impl.RegistTaskServiceImpl#registerTask : Serviceの処理を終了します。 
2018-11-29 08:01:49 localhost      task-manager-api INFO  TMFWCM00012 class com.tm.controller.task.TaskRegistRestController#register : Controllerの処理を終了します。 
2018-11-29 08:01:49 localhost      task-manager-api INFO  TMFWCM00012 class com.tm.controller.task.TaskRegistRestController#register : Controllerの処理を終了します。 
2018-11-29 08:04:22 localhost      task-manager-api INFO  TMFWCM00011 class com.tm.controller.task.TaskRegistRestController#register : Controllerの処理を開始します。 
2018-11-29 08:04:22 localhost      task-manager-api INFO  TMFWCM00011 class com.tm.controller.task.TaskRegistRestController#register : Controllerの処理を開始します。 
2018-11-29 08:04:22 localhost      task-manager-api INFO  TMFWCM00012 class com.tm.controller.task.TaskRegistRestController#register : Controllerの処理を終了します。 
2018-11-29 08:04:22 localhost      task-manager-api INFO  TMFWCM00012 class com.tm.controller.task.TaskRegistRestController#register : Controllerの処理を終了します。 
2018-11-29 08:07:35 localhost      task-manager-api INFO  TMFWCM00011 class com.tm.controller.task.TaskRegistRestController#register : Controllerの処理を開始します。 
2018-11-29 08:07:35 localhost      task-manager-api INFO  TMFWCM00011 class com.tm.controller.task.TaskRegistRestController#register : Controllerの処理を開始します。 
2018-11-29 08:07:35 localhost      task-manager-api INFO  TMFWCM00012 class com.tm.controller.task.TaskRegistRestController#register : Controllerの処理を終了します。 
2018-11-29 08:07:35 localhost      task-manager-api INFO  TMFWCM00012 class com.tm.controller.task.TaskRegistRestController#register : Controllerの処理を終了します。 
2018-11-29 08:11:55 localhost      task-manager-api INFO  TMFWCM00011 class com.tm.controller.task.TaskRegistRestController#register : Controllerの処理を開始します。 
2018-11-29 08:11:55 localhost      task-manager-api INFO  TMFWCM00011 class com.tm.controller.task.TaskRegistRestController#register : Controllerの処理を開始します。 
2018-11-29 08:11:55 localhost      task-manager-api INFO  TMFWCM00012 class com.tm.controller.task.TaskRegistRestController#register : Controllerの処理を終了します。 
2018-11-29 08:11:55 localhost      task-manager-api INFO  TMFWCM00012 class com.tm.controller.task.TaskRegistRestController#register : Controllerの処理を終了します。 
2018-11-29 08:13:17 localhost      task-manager-api INFO  TMFWCM00011 class com.tm.controller.task.TaskRegistRestController#register : Controllerの処理を開始します。 
2018-11-29 08:13:17 localhost      task-manager-api INFO  TMFWCM00011 class com.tm.controller.task.TaskRegistRestController#register : Controllerの処理を開始します。 
2018-11-29 08:13:17 localhost      task-manager-api INFO  TMFWCM00012 class com.tm.controller.task.TaskRegistRestController#register : Controllerの処理を終了します。 
2018-11-29 08:13:17 localhost      task-manager-api INFO  TMFWCM00012 class com.tm.controller.task.TaskRegistRestController#register : Controllerの処理を終了します。 
2018-11-29 08:14:44 localhost      task-manager-api INFO  TMFWCM00011 class com.tm.controller.task.TaskRegistRestController#register : Controllerの処理を開始します。 
2018-11-29 08:14:44 localhost      task-manager-api INFO  TMFWCM00011 class com.tm.controller.task.TaskRegistRestController#register : Controllerの処理を開始します。 
2018-11-29 08:14:44 localhost      task-manager-api INFO  TMFWCM00021 class com.tm.service.task.impl.RegistTaskServiceImpl#registerTask : Serviceの処理を開始します。 
2018-11-29 08:14:44 localhost      task-manager-api INFO  TMFWCM00022 class com.tm.service.task.impl.RegistTaskServiceImpl#registerTask : Serviceの処理を終了します。 
2018-11-29 08:14:44 localhost      task-manager-api INFO  TMFWCM00012 class com.tm.controller.task.TaskRegistRestController#register : Controllerの処理を終了します。 
2018-11-29 08:14:44 localhost      task-manager-api INFO  TMFWCM00012 class com.tm.controller.task.TaskRegistRestController#register : Controllerの処理を終了します。 
2018-11-29 08:15:42 localhost      task-manager-api INFO  TMFWCM00011 class com.tm.controller.task.TaskRegistRestController#register : Controllerの処理を開始します。 
2018-11-29 08:15:42 localhost      task-manager-api INFO  TMFWCM00011 class com.tm.controller.task.TaskRegistRestController#register : Controllerの処理を開始します。 
2018-11-29 08:15:42 localhost      task-manager-api INFO  TMFWCM00021 class com.tm.service.task.impl.RegistTaskServiceImpl#registerTask : Serviceの処理を開始します。 
2018-11-29 08:15:42 localhost      task-manager-api INFO  TMFWCM00022 class com.tm.service.task.impl.RegistTaskServiceImpl#registerTask : Serviceの処理を終了します。 
2018-11-29 08:15:42 localhost      task-manager-api INFO  TMFWCM00012 class com.tm.controller.task.TaskRegistRestController#register : Controllerの処理を終了します。 
2018-11-29 08:15:42 localhost      task-manager-api INFO  TMFWCM00012 class com.tm.controller.task.TaskRegistRestController#register : Controllerの処理を終了します。 
2018-11-29 08:17:58 localhost      task-manager-api INFO  TMFWCM00011 class com.tm.controller.task.TaskRegistRestController#register : Controllerの処理を開始します。 
2018-11-29 08:17:58 localhost      task-manager-api INFO  TMFWCM00011 class com.tm.controller.task.TaskRegistRestController#register : Controllerの処理を開始します。 
2018-11-29 08:17:58 localhost      task-manager-api INFO  TMFWCM00021 class com.tm.service.task.impl.RegistTaskServiceImpl#registerTask : Serviceの処理を開始します。 
2018-11-29 08:17:58 localhost      task-manager-api INFO  TMFWCM00022 class com.tm.service.task.impl.RegistTaskServiceImpl#registerTask : Serviceの処理を終了します。 
2018-11-29 08:17:58 localhost      task-manager-api INFO  TMFWCM00012 class com.tm.controller.task.TaskRegistRestController#register : Controllerの処理を終了します。 
2018-11-29 08:17:58 localhost      task-manager-api INFO  TMFWCM00012 class com.tm.controller.task.TaskRegistRestController#register : Controllerの処理を終了します。 
2018-11-29 08:25:30 localhost      task-manager-api INFO  TMFWCM00011 class com.tm.controller.task.TaskRegistRestController#register : Controllerの処理を開始します。 
2018-11-29 08:25:30 localhost      task-manager-api INFO  TMFWCM00011 class com.tm.controller.task.TaskRegistRestController#register : Controllerの処理を開始します。 
2018-11-29 08:25:30 localhost      task-manager-api INFO  TMFWCM00012 class com.tm.controller.task.TaskRegistRestController#register : Controllerの処理を終了します。 
2018-11-29 08:25:30 localhost      task-manager-api INFO  TMFWCM00012 class com.tm.controller.task.TaskRegistRestController#register : Controllerの処理を終了します。 
2018-11-29 08:27:49 localhost      task-manager-api INFO  TMFWCM00011 class com.tm.controller.task.TaskRegistRestController#register : Controllerの処理を開始します。 
2018-11-29 08:27:49 localhost      task-manager-api INFO  TMFWCM00011 class com.tm.controller.task.TaskRegistRestController#register : Controllerの処理を開始します。 
2018-11-29 08:27:49 localhost      task-manager-api INFO  TMFWCM00012 class com.tm.controller.task.TaskRegistRestController#register : Controllerの処理を終了します。 
2018-11-29 08:27:49 localhost      task-manager-api INFO  TMFWCM00012 class com.tm.controller.task.TaskRegistRestController#register : Controllerの処理を終了します。 
2018-11-29 08:29:56 localhost      task-manager-api INFO  TMFWCM00011 class com.tm.controller.task.TaskRegistRestController#register : Controllerの処理を開始します。 
2018-11-29 08:29:56 localhost      task-manager-api INFO  TMFWCM00012 class com.tm.controller.task.TaskRegistRestController#register : Controllerの処理を終了します。 
2018-11-29 08:30:58 localhost      task-manager-api INFO  TMFWCM00011 class com.tm.controller.task.TaskRegistRestController#register : Controllerの処理を開始します。 
2018-11-29 08:30:58 localhost      task-manager-api INFO  TMFWCM00012 class com.tm.controller.task.TaskRegistRestController#register : Controllerの処理を終了します。 
2018-11-29 08:31:12 localhost      task-manager-api INFO  TMFWCM00011 class com.tm.controller.task.TaskFetchRestController#fetch : Controllerの処理を開始します。 
2018-11-29 08:31:12 localhost      task-manager-api INFO  TMFWCM00012 class com.tm.controller.task.TaskFetchRestController#fetch : Controllerの処理を終了します。 
2018-11-29 08:31:52 localhost      task-manager-api INFO  TMFWCM00011 class com.tm.controller.task.TaskFetchRestController#fetch : Controllerの処理を開始します。 
2018-11-29 08:31:52 localhost      task-manager-api INFO  TMFWCM00012 class com.tm.controller.task.TaskFetchRestController#fetch : Controllerの処理を終了します。 
2018-11-29 08:32:52 localhost      task-manager-api INFO  TMFWCM00011 class com.tm.controller.task.TaskFetchRestController#fetch : Controllerの処理を開始します。 
2018-11-29 08:32:52 localhost      task-manager-api INFO  TMFWCM00012 class com.tm.controller.task.TaskFetchRestController#fetch : Controllerの処理を終了します。 
2018-11-29 08:35:07 localhost      task-manager-api INFO  TMFWCM00011 class com.tm.controller.task.TaskFetchRestController#fetch : Controllerの処理を開始します。 
2018-11-29 08:35:07 localhost      task-manager-api INFO  TMFWCM00021 class com.tm.service.task.impl.FetchTaskServiceImpl#fetchTask : Serviceの処理を開始します。 
2018-11-29 08:35:07 localhost      task-manager-api INFO  TMFWCM00022 class com.tm.service.task.impl.FetchTaskServiceImpl#fetchTask : Serviceの処理を終了します。 
2018-11-29 08:35:07 localhost      task-manager-api INFO  TMFWCM00012 class com.tm.controller.task.TaskFetchRestController#fetch : Controllerの処理を終了します。 
2018-11-29 08:41:49 localhost      task-manager-api INFO  TMFWCM00011 class com.tm.controller.task.TaskFetchRestController#fetch : Controllerの処理を開始します。 
2018-11-29 08:41:49 localhost      task-manager-api INFO  TMFWCM00021 class com.tm.service.task.impl.FetchTaskServiceImpl#fetchTask : Serviceの処理を開始します。 
2018-11-29 08:41:49 localhost      task-manager-api INFO  TMFWCM00022 class com.tm.service.task.impl.FetchTaskServiceImpl#fetchTask : Serviceの処理を終了します。 
2018-11-29 08:41:49 localhost      task-manager-api INFO  TMFWCM00012 class com.tm.controller.task.TaskFetchRestController#fetch : Controllerの処理を終了します。 
