2018-12-01 10:38:21 localhost      task-manager-api INFO  TMFWCM80001 class com.tm.util.InputInspector$Inspector#logInput : 
[Telegram Trace Start]
"{userId : 10001000}"
[Telegram Trace End] 
2018-12-01 10:38:21 localhost      task-manager-api INFO  TMFWCM80002 class com.tm.controller.framework.BaseRestController$ResponseProcessor#logOutput : 
[Telegram Trace Start]
[{"taskId":"6         ","taskTitle":"テストタスク","taskLabel":"テストラベル","startDate":null,"deadline":null,"completedFlag":"0","userId":"10001000  ","taskNote":null},{"taskId":"8         ","taskTitle":"テスト","taskLabel":"abcdefghijklmnopqrstuvwxyz","startDate":null,"deadline":null,"completedFlag":"0","userId":"10001000  ","taskNote":null},{"taskId":"11        ","taskTitle":"タイトル","taskLabel":"ラベル","startDate":null,"deadline":null,"completedFlag":"0","userId":"10001000  ","taskNote":"メモ"},{"taskId":"182024BY8t","taskTitle":"sample5","taskLabel":"sample5","startDate":null,"deadline":null,"completedFlag":"0","userId":"10001000  ","taskNote":""},{"taskId":"182224fzO2","taskTitle":"sample5","taskLabel":"sample5","startDate":null,"deadline":null,"completedFlag":"0","userId":"10001000  ","taskNote":""},{"taskId":"185829LVPR","taskTitle":"sample6","taskLabel":"sample6","startDate":null,"deadline":null,"completedFlag":"0","userId":"10001000  ","taskNote":""},{"taskId":"180129PUZv","taskTitle":"sample","taskLabel":"samplesamplesamplesamplesamplesamplesample","startDate":null,"deadline":null,"completedFlag":"0","userId":"10001000  ","taskNote":""},{"taskId":"181429zISW","taskTitle":"sample","taskLabel":"samplesamplesamplesamplesamplesamplesample","startDate":null,"deadline":null,"completedFlag":"0","userId":"10001000  ","taskNote":""},{"taskId":"181529punu","taskTitle":"sample","taskLabel":"samplesamplesamplesamplesamplesamplesample","startDate":null,"deadline":null,"completedFlag":"0","userId":"10001000  ","taskNote":""},{"taskId":"181729erP6","taskTitle":"sample","taskLabel":"samplesamplesamplesamplesamplesamplesample","startDate":null,"deadline":null,"completedFlag":"0","userId":"10001000  ","taskNote":""}]
[Telegram Trace End] 
2018-12-01 10:38:28 localhost      task-manager-api INFO  TMFWCM80001 class com.tm.util.InputInspector$Inspector#logInput : 
[Telegram Trace Start]
"{userId : 10001000}"
[Telegram Trace End] 
2018-12-01 10:38:28 localhost      task-manager-api INFO  TMFWCM80002 class com.tm.controller.framework.BaseRestController$ResponseProcessor#logOutput : 
[Telegram Trace Start]
[{"taskId":"6         ","taskTitle":"テストタスク","taskLabel":"テストラベル","startDate":null,"deadline":null,"completedFlag":"0","userId":"10001000  ","taskNote":null},{"taskId":"8         ","taskTitle":"テスト","taskLabel":"abcdefghijklmnopqrstuvwxyz","startDate":null,"deadline":null,"completedFlag":"0","userId":"10001000  ","taskNote":null},{"taskId":"11        ","taskTitle":"タイトル","taskLabel":"ラベル","startDate":null,"deadline":null,"completedFlag":"0","userId":"10001000  ","taskNote":"メモ"},{"taskId":"182024BY8t","taskTitle":"sample5","taskLabel":"sample5","startDate":null,"deadline":null,"completedFlag":"0","userId":"10001000  ","taskNote":""},{"taskId":"182224fzO2","taskTitle":"sample5","taskLabel":"sample5","startDate":null,"deadline":null,"completedFlag":"0","userId":"10001000  ","taskNote":""},{"taskId":"185829LVPR","taskTitle":"sample6","taskLabel":"sample6","startDate":null,"deadline":null,"completedFlag":"0","userId":"10001000  ","taskNote":""},{"taskId":"180129PUZv","taskTitle":"sample","taskLabel":"samplesamplesamplesamplesamplesamplesample","startDate":null,"deadline":null,"completedFlag":"0","userId":"10001000  ","taskNote":""},{"taskId":"181429zISW","taskTitle":"sample","taskLabel":"samplesamplesamplesamplesamplesamplesample","startDate":null,"deadline":null,"completedFlag":"0","userId":"10001000  ","taskNote":""},{"taskId":"181529punu","taskTitle":"sample","taskLabel":"samplesamplesamplesamplesamplesamplesample","startDate":null,"deadline":null,"completedFlag":"0","userId":"10001000  ","taskNote":""},{"taskId":"181729erP6","taskTitle":"sample","taskLabel":"samplesamplesamplesamplesamplesamplesample","startDate":null,"deadline":null,"completedFlag":"0","userId":"10001000  ","taskNote":""}]
[Telegram Trace End] 
2018-12-01 10:52:36 localhost      task-manager-api INFO  TMFWCM80001 class com.tm.util.InputInspector$Inspector#logInput : 
[Telegram Trace Start]
"{userId : 10001000}"
[Telegram Trace End] 
2018-12-01 10:52:36 localhost      task-manager-api INFO  TMFWCM80002 class com.tm.controller.framework.BaseRestController$ResponseProcessor#logOutput : 
[Telegram Trace Start]
[{"taskId":"6         ","taskTitle":"テストタスク","taskLabel":"テストラベル","startDate":null,"deadline":null,"completedFlag":"0","userId":"10001000  ","taskNote":null},{"taskId":"8         ","taskTitle":"テスト","taskLabel":"abcdefghijklmnopqrstuvwxyz","startDate":null,"deadline":null,"completedFlag":"0","userId":"10001000  ","taskNote":null},{"taskId":"11        ","taskTitle":"タイトル","taskLabel":"ラベル","startDate":null,"deadline":null,"completedFlag":"0","userId":"10001000  ","taskNote":"メモ"},{"taskId":"182024BY8t","taskTitle":"sample5","taskLabel":"sample5","startDate":null,"deadline":null,"completedFlag":"0","userId":"10001000  ","taskNote":""},{"taskId":"182224fzO2","taskTitle":"sample5","taskLabel":"sample5","startDate":null,"deadline":null,"completedFlag":"0","userId":"10001000  ","taskNote":""},{"taskId":"185829LVPR","taskTitle":"sample6","taskLabel":"sample6","startDate":null,"deadline":null,"completedFlag":"0","userId":"10001000  ","taskNote":""},{"taskId":"180129PUZv","taskTitle":"sample","taskLabel":"samplesamplesamplesamplesamplesamplesample","startDate":null,"deadline":null,"completedFlag":"0","userId":"10001000  ","taskNote":""},{"taskId":"181429zISW","taskTitle":"sample","taskLabel":"samplesamplesamplesamplesamplesamplesample","startDate":null,"deadline":null,"completedFlag":"0","userId":"10001000  ","taskNote":""},{"taskId":"181529punu","taskTitle":"sample","taskLabel":"samplesamplesamplesamplesamplesamplesample","startDate":null,"deadline":null,"completedFlag":"0","userId":"10001000  ","taskNote":""},{"taskId":"181729erP6","taskTitle":"sample","taskLabel":"samplesamplesamplesamplesamplesamplesample","startDate":null,"deadline":null,"completedFlag":"0","userId":"10001000  ","taskNote":""}]
[Telegram Trace End] 
2018-12-01 10:52:58 localhost      task-manager-api INFO  TMFWCM80001 class com.tm.util.InputInspector$Inspector#logInput : 
[Telegram Trace Start]
"{userId : 10001000}"
[Telegram Trace End] 
2018-12-01 10:52:58 localhost      task-manager-api INFO  TMFWCM80002 class com.tm.controller.framework.BaseRestController$ResponseProcessor#logOutput : 
[Telegram Trace Start]
[{"taskId":"6         ","taskTitle":"テストタスク","taskLabel":"テストラベル","startDate":null,"deadline":null,"completedFlag":"0","userId":"10001000  ","taskNote":null},{"taskId":"8         ","taskTitle":"テスト","taskLabel":"abcdefghijklmnopqrstuvwxyz","startDate":null,"deadline":null,"completedFlag":"0","userId":"10001000  ","taskNote":null},{"taskId":"11        ","taskTitle":"タイトル","taskLabel":"ラベル","startDate":null,"deadline":null,"completedFlag":"0","userId":"10001000  ","taskNote":"メモ"},{"taskId":"182024BY8t","taskTitle":"sample5","taskLabel":"sample5","startDate":null,"deadline":null,"completedFlag":"0","userId":"10001000  ","taskNote":""},{"taskId":"182224fzO2","taskTitle":"sample5","taskLabel":"sample5","startDate":null,"deadline":null,"completedFlag":"0","userId":"10001000  ","taskNote":""},{"taskId":"185829LVPR","taskTitle":"sample6","taskLabel":"sample6","startDate":null,"deadline":null,"completedFlag":"0","userId":"10001000  ","taskNote":""},{"taskId":"180129PUZv","taskTitle":"sample","taskLabel":"samplesamplesamplesamplesamplesamplesample","startDate":null,"deadline":null,"completedFlag":"0","userId":"10001000  ","taskNote":""},{"taskId":"181429zISW","taskTitle":"sample","taskLabel":"samplesamplesamplesamplesamplesamplesample","startDate":null,"deadline":null,"completedFlag":"0","userId":"10001000  ","taskNote":""},{"taskId":"181529punu","taskTitle":"sample","taskLabel":"samplesamplesamplesamplesamplesamplesample","startDate":null,"deadline":null,"completedFlag":"0","userId":"10001000  ","taskNote":""},{"taskId":"181729erP6","taskTitle":"sample","taskLabel":"samplesamplesamplesamplesamplesamplesample","startDate":null,"deadline":null,"completedFlag":"0","userId":"10001000  ","taskNote":""}]
[Telegram Trace End] 
2018-12-01 10:53:00 localhost      task-manager-api INFO  TMFWCM80001 class com.tm.util.InputInspector$Inspector#logInput : 
[Telegram Trace Start]
"{userId : 10001000}"
[Telegram Trace End] 
2018-12-01 10:53:00 localhost      task-manager-api INFO  TMFWCM80002 class com.tm.controller.framework.BaseRestController$ResponseProcessor#logOutput : 
[Telegram Trace Start]
[{"taskId":"6         ","taskTitle":"テストタスク","taskLabel":"テストラベル","startDate":null,"deadline":null,"completedFlag":"0","userId":"10001000  ","taskNote":null},{"taskId":"8         ","taskTitle":"テスト","taskLabel":"abcdefghijklmnopqrstuvwxyz","startDate":null,"deadline":null,"completedFlag":"0","userId":"10001000  ","taskNote":null},{"taskId":"11        ","taskTitle":"タイトル","taskLabel":"ラベル","startDate":null,"deadline":null,"completedFlag":"0","userId":"10001000  ","taskNote":"メモ"},{"taskId":"182024BY8t","taskTitle":"sample5","taskLabel":"sample5","startDate":null,"deadline":null,"completedFlag":"0","userId":"10001000  ","taskNote":""},{"taskId":"182224fzO2","taskTitle":"sample5","taskLabel":"sample5","startDate":null,"deadline":null,"completedFlag":"0","userId":"10001000  ","taskNote":""},{"taskId":"185829LVPR","taskTitle":"sample6","taskLabel":"sample6","startDate":null,"deadline":null,"completedFlag":"0","userId":"10001000  ","taskNote":""},{"taskId":"180129PUZv","taskTitle":"sample","taskLabel":"samplesamplesamplesamplesamplesamplesample","startDate":null,"deadline":null,"completedFlag":"0","userId":"10001000  ","taskNote":""},{"taskId":"181429zISW","taskTitle":"sample","taskLabel":"samplesamplesamplesamplesamplesamplesample","startDate":null,"deadline":null,"completedFlag":"0","userId":"10001000  ","taskNote":""},{"taskId":"181529punu","taskTitle":"sample","taskLabel":"samplesamplesamplesamplesamplesamplesample","startDate":null,"deadline":null,"completedFlag":"0","userId":"10001000  ","taskNote":""},{"taskId":"181729erP6","taskTitle":"sample","taskLabel":"samplesamplesamplesamplesamplesamplesample","startDate":null,"deadline":null,"completedFlag":"0","userId":"10001000  ","taskNote":""}]
[Telegram Trace End] 
